<?xml version="1.0" encoding="UTF-8"?>
<!-- Generated by org.testng.reporters.JUnitXMLReporter -->
<testsuite hostname="DESKTOP-VOAKCG4" name="Test" tests="6" failures="0" timestamp="4 Jun 2021 13:11:13 GMT" time="0.101" errors="0">
  <testcase name="deleteTwitter" time="0.021" classname="qaclickacademy.Mavenjava.APITest"/>
  <testcase name="postJira" time="0.005" classname="qaclickacademy.Mavenjava.APITest"/>
  <testcase name="HybridApp" time="0.002" classname="qaclickacademy.Mavenjava.AppiumTest"/>
  <testcase name="NativeApp" time="0.005" classname="qaclickacademy.Mavenjava.AppiumTest"/>
  <testcase name="MobileBrowserAutomation" time="0.003" classname="qaclickacademy.Mavenjava.SeleniumTest"/>
  <testcase name="WebBrowserAutomation" time="0.003" classname="qaclickacademy.Mavenjava.SeleniumTest"/>
</testsuite> <!-- Test -->
