<?xml version="1.0" encoding="UTF-8"?>
<testng-results skipped="0" failed="0" total="6" passed="6">
  <reporter-output>
  </reporter-output>
  <suite name="Suite" duration-ms="101" started-at="2021-06-04T13:11:13Z" finished-at="2021-06-04T13:11:13Z">
    <groups>
    </groups>
    <test name="Test" duration-ms="101" started-at="2021-06-04T13:11:13Z" finished-at="2021-06-04T13:11:13Z">
      <class name="qaclickacademy.Mavenjava.AppiumTest">
        <test-method status="PASS" signature="HybridApp()[pri:0, instance:qaclickacademy.Mavenjava.AppiumTest@343f4d3d]" name="HybridApp" duration-ms="2" started-at="2021-06-04T18:41:13Z" finished-at="2021-06-04T18:41:13Z">
          <reporter-output>
          </reporter-output>
        </test-method> <!-- HybridApp -->
        <test-method status="PASS" signature="NativeApp()[pri:0, instance:qaclickacademy.Mavenjava.AppiumTest@343f4d3d]" name="NativeApp" duration-ms="5" started-at="2021-06-04T18:41:13Z" finished-at="2021-06-04T18:41:13Z">
          <reporter-output>
          </reporter-output>
        </test-method> <!-- NativeApp -->
      </class> <!-- qaclickacademy.Mavenjava.AppiumTest -->
      <class name="qaclickacademy.Mavenjava.APITest">
        <test-method status="PASS" signature="deleteTwitter()[pri:0, instance:qaclickacademy.Mavenjava.APITest@1794d431]" name="deleteTwitter" duration-ms="21" started-at="2021-06-04T18:41:13Z" finished-at="2021-06-04T18:41:13Z">
          <reporter-output>
          </reporter-output>
        </test-method> <!-- deleteTwitter -->
        <test-method status="PASS" signature="postJira()[pri:0, instance:qaclickacademy.Mavenjava.APITest@1794d431]" name="postJira" duration-ms="5" started-at="2021-06-04T18:41:13Z" finished-at="2021-06-04T18:41:13Z">
          <reporter-output>
          </reporter-output>
        </test-method> <!-- postJira -->
      </class> <!-- qaclickacademy.Mavenjava.APITest -->
      <class name="qaclickacademy.Mavenjava.SeleniumTest">
        <test-method status="PASS" signature="MobileBrowserAutomation()[pri:0, instance:qaclickacademy.Mavenjava.SeleniumTest@53b32d7]" name="MobileBrowserAutomation" duration-ms="3" started-at="2021-06-04T18:41:13Z" finished-at="2021-06-04T18:41:13Z">
          <reporter-output>
          </reporter-output>
        </test-method> <!-- MobileBrowserAutomation -->
        <test-method status="PASS" signature="WebBrowserAutomation()[pri:0, instance:qaclickacademy.Mavenjava.SeleniumTest@53b32d7]" name="WebBrowserAutomation" duration-ms="3" started-at="2021-06-04T18:41:13Z" finished-at="2021-06-04T18:41:13Z">
          <reporter-output>
          </reporter-output>
        </test-method> <!-- WebBrowserAutomation -->
      </class> <!-- qaclickacademy.Mavenjava.SeleniumTest -->
    </test> <!-- Test -->
  </suite> <!-- Suite -->
</testng-results>
